2026-03-11 09:56:03.708[1773197763708] | INFO  | background-preinit | o.h.validator.internal.util.Version  - HV000001: Hibernate Validator 9.0.1.Final
2026-03-11 09:56:03.749[1773197763749] | INFO  | main       | c.t.j.JournalBackendApplication      - Starting JournalBackendApplication using Java 21.0.9 with PID 5340 (/projects/journal-backend/target/classes started by dinhtv in /projects/journal-backend)
2026-03-11 09:56:03.750[1773197763750] | INFO  | main       | c.t.j.JournalBackendApplication      - No active profile set, falling back to 1 default profile: "default"
2026-03-11 09:56:04.169[1773197764169] | INFO  | main       | o.s.d.r.c.RepositoryConfigurationDelegate - Bootstrapping Spring Data JPA repositories in DEFAULT mode.
2026-03-11 09:56:04.208[1773197764208] | INFO  | main       | o.s.d.r.c.RepositoryConfigurationDelegate - Finished Spring Data repository scanning in 33 ms. Found 4 JPA repository interfaces.
2026-03-11 09:56:04.580[1773197764580] | INFO  | main       | o.s.boot.tomcat.TomcatWebServer      - Tomcat initialized with port 8080 (http)
2026-03-11 09:56:04.588[1773197764588] | INFO  | main       | o.a.coyote.http11.Http11NioProtocol  - Initializing ProtocolHandler ["http-nio-8080"]
2026-03-11 09:56:04.590[1773197764590] | INFO  | main       | o.a.catalina.core.StandardService    - Starting service [Tomcat]
2026-03-11 09:56:04.590[1773197764590] | INFO  | main       | o.a.catalina.core.StandardEngine     - Starting Servlet engine: [Apache Tomcat/11.0.15]
2026-03-11 09:56:04.634[1773197764634] | INFO  | main       | o.s.b.w.c.s.WebApplicationContextInitializer - Root WebApplicationContext: initialization completed in 852 ms
2026-03-11 09:56:04.747[1773197764747] | INFO  | main       | org.hibernate.orm.jpa                - HHH008540: Processing PersistenceUnitInfo [name: default]
2026-03-11 09:56:04.794[1773197764794] | INFO  | main       | org.hibernate.orm.core               - HHH000001: Hibernate ORM core version 7.2.1.Final
2026-03-11 09:56:05.102[1773197765102] | INFO  | main       | o.s.o.j.p.SpringPersistenceUnitInfo  - No LoadTimeWeaver setup: ignoring JPA class transformer
2026-03-11 09:56:05.126[1773197765126] | INFO  | main       | com.zaxxer.hikari.HikariDataSource   - HikariPool-1 - Starting...
2026-03-11 09:56:05.245[1773197765245] | INFO  | main       | com.zaxxer.hikari.pool.HikariPool    - HikariPool-1 - Added connection org.postgresql.jdbc.PgConnection@41d877bb
2026-03-11 09:56:05.246[1773197765246] | INFO  | main       | com.zaxxer.hikari.HikariDataSource   - HikariPool-1 - Start completed.
2026-03-11 09:56:05.305[1773197765305] | INFO  | main       | o.hibernate.orm.connections.pooling  - HHH10001005: Database info:
	Database JDBC URL [jdbc:postgresql://localhost:5432/journal]
	Database driver: PostgreSQL JDBC Driver
	Database dialect: PostgreSQLDialect
	Database version: 15.15
	Default catalog/schema: journal/public
	Autocommit mode: undefined/unknown
	Isolation level: READ_COMMITTED [default READ_COMMITTED]
	JDBC fetch size: none
	Pool: DataSourceConnectionProvider
	Minimum pool size: undefined/unknown
	Maximum pool size: undefined/unknown
2026-03-11 09:56:06.041[1773197766041] | INFO  | main       | org.hibernate.orm.core               - HHH000489: No JTA platform available (set 'hibernate.transaction.jta.platform' to enable JTA platform integration)
2026-03-11 09:56:06.109[1773197766109] | INFO  | main       | o.s.o.j.LocalContainerEntityManagerFactoryBean - Initialized JPA EntityManagerFactory for persistence unit 'default'
2026-03-11 09:56:06.168[1773197766168] | INFO  | main       | o.s.d.j.r.q.QueryEnhancerFactories   - Hibernate is in classpath; If applicable, HQL parser will be used.
2026-03-11 09:56:06.499[1773197766499] | WARN  | main       | o.s.b.j.a.JpaBaseConfiguration$JpaWebConfiguration - spring.jpa.open-in-view is enabled by default. Therefore, database queries may be performed during view rendering. Explicitly configure spring.jpa.open-in-view to disable this warning
2026-03-11 09:56:06.562[1773197766562] | WARN  | main       | o.s.b.s.a.UserDetailsServiceAutoConfiguration - 

Using generated security password: 12cc6fbb-ffb4-41d4-ab99-b6e8f26b4798

This generated password is for development use only. Your security configuration must be updated before running your application in production.

2026-03-11 09:56:06.567[1773197766567] | INFO  | main       | o.s.s.c.a.a.c.InitializeUserDetailsBeanManagerConfigurer$InitializeUserDetailsManagerConfigurer - Global AuthenticationManager configured with UserDetailsService bean with name inMemoryUserDetailsManager
2026-03-11 09:56:06.866[1773197766866] | INFO  | main       | o.a.coyote.http11.Http11NioProtocol  - Starting ProtocolHandler ["http-nio-8080"]
2026-03-11 09:56:06.874[1773197766874] | INFO  | main       | o.s.boot.tomcat.TomcatWebServer      - Tomcat started on port 8080 (http) with context path '/'
2026-03-11 09:56:06.884[1773197766884] | INFO  | main       | c.t.j.JournalBackendApplication      - Started JournalBackendApplication in 3.377 seconds (process running for 3.74)
2026-03-11 09:56:07.120[1773197767120] | INFO  | task-1     | c.t.j.service.SymbolRegistryService  - DB has data for symbols skipping auto update symbols at start up.
2026-03-11 10:01:36.130[1773198096130] | INFO  | SpringApplicationShutdownHook | o.s.boot.tomcat.GracefulShutdown     - Commencing graceful shutdown. Waiting for active requests to complete
2026-03-11 10:01:36.133[1773198096133] | INFO  | tomcat-shutdown | o.s.boot.tomcat.GracefulShutdown     - Graceful shutdown complete
2026-03-11 10:01:36.138[1773198096138] | INFO  | SpringApplicationShutdownHook | o.s.o.j.LocalContainerEntityManagerFactoryBean - Closing JPA EntityManagerFactory for persistence unit 'default'
2026-03-11 10:01:36.141[1773198096141] | INFO  | SpringApplicationShutdownHook | com.zaxxer.hikari.HikariDataSource   - HikariPool-1 - Shutdown initiated...
2026-03-11 10:01:36.143[1773198096143] | INFO  | SpringApplicationShutdownHook | com.zaxxer.hikari.HikariDataSource   - HikariPool-1 - Shutdown completed.
