2026-03-12 20:10:04 [background-preinit] INFO  o.h.validator.internal.util.Version:18 - HV000001: Hibernate Validator 9.0.1.Final
2026-03-12 20:10:04 [main] INFO  c.t.j.JournalBackendApplication:54 - Starting JournalBackendApplication using Java 21.0.9 with PID 4101 (/projects/journal-backend/target/classes started by dinhtv in /projects/journal-backend)
2026-03-12 20:10:04 [main] INFO  c.t.j.JournalBackendApplication:652 - No active profile set, falling back to 1 default profile: "default"
2026-03-12 20:10:04 [main] INFO  o.s.d.r.c.RepositoryConfigurationDelegate:145 - Bootstrapping Spring Data JPA repositories in DEFAULT mode.
2026-03-12 20:10:04 [main] INFO  o.s.d.r.c.RepositoryConfigurationDelegate:213 - Finished Spring Data repository scanning in 38 ms. Found 6 JPA repository interfaces.
2026-03-12 20:10:05 [main] INFO  o.s.boot.tomcat.TomcatWebServer:114 - Tomcat initialized with port 8080 (http)
2026-03-12 20:10:05 [main] INFO  o.a.coyote.http11.Http11NioProtocol:168 - Initializing ProtocolHandler ["http-nio-8080"]
2026-03-12 20:10:05 [main] INFO  o.a.catalina.core.StandardService:168 - Starting service [Tomcat]
2026-03-12 20:10:05 [main] INFO  o.a.catalina.core.StandardEngine:168 - Starting Servlet engine: [Apache Tomcat/11.0.15]
2026-03-12 20:10:05 [main] INFO  o.s.b.w.c.s.WebApplicationContextInitializer:77 - Root WebApplicationContext: initialization completed in 915 ms
2026-03-12 20:10:05 [main] INFO  org.hibernate.orm.jpa:102 - HHH008540: Processing PersistenceUnitInfo [name: default]
2026-03-12 20:10:05 [main] INFO  org.hibernate.orm.core:41 - HHH000001: Hibernate ORM core version 7.2.1.Final
2026-03-12 20:10:05 [main] INFO  o.s.o.j.p.SpringPersistenceUnitInfo:128 - No LoadTimeWeaver setup: ignoring JPA class transformer
2026-03-12 20:10:05 [main] INFO  com.zaxxer.hikari.HikariDataSource:109 - HikariPool-1 - Starting...
2026-03-12 20:10:05 [main] INFO  com.zaxxer.hikari.pool.HikariPool:580 - HikariPool-1 - Added connection org.postgresql.jdbc.PgConnection@7ef4aceb
2026-03-12 20:10:05 [main] INFO  com.zaxxer.hikari.HikariDataSource:122 - HikariPool-1 - Start completed.
2026-03-12 20:10:05 [main] INFO  o.hibernate.orm.connections.pooling:179 - HHH10001005: Database info:
	Database JDBC URL [jdbc:postgresql://localhost:5432/journal]
	Database driver: PostgreSQL JDBC Driver
	Database dialect: PostgreSQLDialect
	Database version: 15.15
	Default catalog/schema: journal/public
	Autocommit mode: undefined/unknown
	Isolation level: READ_COMMITTED [default READ_COMMITTED]
	JDBC fetch size: none
	Pool: DataSourceConnectionProvider
	Minimum pool size: undefined/unknown
	Maximum pool size: undefined/unknown
2026-03-12 20:10:06 [main] INFO  org.hibernate.orm.core:53 - HHH000489: No JTA platform available (set 'hibernate.transaction.jta.platform' to enable JTA platform integration)
2026-03-12 20:10:06 [main] INFO  o.s.o.j.LocalContainerEntityManagerFactoryBean:444 - Initialized JPA EntityManagerFactory for persistence unit 'default'
2026-03-12 20:10:06 [main] INFO  o.s.d.j.r.q.QueryEnhancerFactories:48 - Hibernate is in classpath; If applicable, HQL parser will be used.
2026-03-12 20:10:07 [main] INFO  c.t.j.service.EncryptionService:27 - ENCRYPTION_SERVICE_READY | Algorithm: AES
2026-03-12 20:10:07 [main] WARN  o.s.b.j.a.JpaBaseConfiguration$JpaWebConfiguration:247 - spring.jpa.open-in-view is enabled by default. Therefore, database queries may be performed during view rendering. Explicitly configure spring.jpa.open-in-view to disable this warning
2026-03-12 20:10:07 [main] WARN  o.s.b.s.a.UserDetailsServiceAutoConfiguration:83 - 

Using generated security password: b1f55b7f-74b2-4a49-bcd9-ae61d9bab245

This generated password is for development use only. Your security configuration must be updated before running your application in production.

2026-03-12 20:10:07 [main] INFO  o.s.s.c.a.a.c.InitializeUserDetailsBeanManagerConfigurer$InitializeUserDetailsManagerConfigurer:110 - Global AuthenticationManager configured with UserDetailsService bean with name inMemoryUserDetailsManager
2026-03-12 20:10:07 [main] INFO  o.a.coyote.http11.Http11NioProtocol:168 - Starting ProtocolHandler ["http-nio-8080"]
2026-03-12 20:10:07 [main] INFO  o.s.boot.tomcat.TomcatWebServer:240 - Tomcat started on port 8080 (http) with context path '/'
2026-03-12 20:10:07 [main] INFO  c.t.j.JournalBackendApplication:60 - Started JournalBackendApplication in 3.649 seconds (process running for 4.025)
2026-03-12 20:10:07 [main] INFO  c.t.j.config.UserInitializer:29 - USER_INIT | Default user already exists. Skipping.
2026-03-12 20:10:07 [task-1] INFO  c.t.j.service.SymbolRegistryService:33 - DB has data for symbols skipping auto update symbols at start up.
2026-03-12 20:23:45 [SpringApplicationShutdownHook] INFO  o.s.boot.tomcat.GracefulShutdown:54 - Commencing graceful shutdown. Waiting for active requests to complete
2026-03-12 20:23:45 [tomcat-shutdown] INFO  o.s.boot.tomcat.GracefulShutdown:76 - Graceful shutdown complete
2026-03-12 20:23:45 [SpringApplicationShutdownHook] INFO  o.s.o.j.LocalContainerEntityManagerFactoryBean:667 - Closing JPA EntityManagerFactory for persistence unit 'default'
2026-03-12 20:23:45 [SpringApplicationShutdownHook] INFO  com.zaxxer.hikari.HikariDataSource:349 - HikariPool-1 - Shutdown initiated...
2026-03-12 20:23:45 [SpringApplicationShutdownHook] INFO  com.zaxxer.hikari.HikariDataSource:351 - HikariPool-1 - Shutdown completed.
2026-03-12 20:23:53 [background-preinit] INFO  o.h.validator.internal.util.Version:18 - HV000001: Hibernate Validator 9.0.1.Final
2026-03-12 20:23:53 [main] INFO  c.t.j.JournalBackendApplication:54 - Starting JournalBackendApplication using Java 21.0.9 with PID 9602 (/projects/journal-backend/target/classes started by dinhtv in /projects/journal-backend)
2026-03-12 20:23:53 [main] INFO  c.t.j.JournalBackendApplication:652 - No active profile set, falling back to 1 default profile: "default"
2026-03-12 20:23:53 [main] INFO  o.s.d.r.c.RepositoryConfigurationDelegate:145 - Bootstrapping Spring Data JPA repositories in DEFAULT mode.
2026-03-12 20:23:53 [main] INFO  o.s.d.r.c.RepositoryConfigurationDelegate:213 - Finished Spring Data repository scanning in 31 ms. Found 6 JPA repository interfaces.
2026-03-12 20:23:53 [main] INFO  o.s.boot.tomcat.TomcatWebServer:114 - Tomcat initialized with port 8080 (http)
2026-03-12 20:23:53 [main] INFO  o.a.coyote.http11.Http11NioProtocol:168 - Initializing ProtocolHandler ["http-nio-8080"]
2026-03-12 20:23:53 [main] INFO  o.a.catalina.core.StandardService:168 - Starting service [Tomcat]
2026-03-12 20:23:53 [main] INFO  o.a.catalina.core.StandardEngine:168 - Starting Servlet engine: [Apache Tomcat/11.0.15]
2026-03-12 20:23:53 [main] INFO  o.s.b.w.c.s.WebApplicationContextInitializer:77 - Root WebApplicationContext: initialization completed in 747 ms
2026-03-12 20:23:54 [main] INFO  org.hibernate.orm.jpa:102 - HHH008540: Processing PersistenceUnitInfo [name: default]
2026-03-12 20:23:54 [main] INFO  org.hibernate.orm.core:41 - HHH000001: Hibernate ORM core version 7.2.1.Final
2026-03-12 20:23:54 [main] INFO  o.s.o.j.p.SpringPersistenceUnitInfo:128 - No LoadTimeWeaver setup: ignoring JPA class transformer
2026-03-12 20:23:54 [main] INFO  com.zaxxer.hikari.HikariDataSource:109 - HikariPool-1 - Starting...
2026-03-12 20:23:54 [main] INFO  com.zaxxer.hikari.pool.HikariPool:580 - HikariPool-1 - Added connection org.postgresql.jdbc.PgConnection@67a38
2026-03-12 20:23:54 [main] INFO  com.zaxxer.hikari.HikariDataSource:122 - HikariPool-1 - Start completed.
2026-03-12 20:23:54 [main] INFO  o.hibernate.orm.connections.pooling:179 - HHH10001005: Database info:
	Database JDBC URL [jdbc:postgresql://localhost:5432/journal]
	Database driver: PostgreSQL JDBC Driver
	Database dialect: PostgreSQLDialect
	Database version: 15.15
	Default catalog/schema: journal/public
	Autocommit mode: undefined/unknown
	Isolation level: READ_COMMITTED [default READ_COMMITTED]
	JDBC fetch size: none
	Pool: DataSourceConnectionProvider
	Minimum pool size: undefined/unknown
	Maximum pool size: undefined/unknown
2026-03-12 20:23:55 [main] INFO  org.hibernate.orm.core:53 - HHH000489: No JTA platform available (set 'hibernate.transaction.jta.platform' to enable JTA platform integration)
2026-03-12 20:23:55 [main] INFO  o.s.o.j.LocalContainerEntityManagerFactoryBean:444 - Initialized JPA EntityManagerFactory for persistence unit 'default'
2026-03-12 20:23:55 [main] INFO  o.s.d.j.r.q.QueryEnhancerFactories:48 - Hibernate is in classpath; If applicable, HQL parser will be used.
2026-03-12 20:23:55 [main] INFO  c.t.j.service.EncryptionService:27 - ENCRYPTION_SERVICE_READY | Algorithm: AES
2026-03-12 20:23:55 [main] WARN  o.s.b.j.a.JpaBaseConfiguration$JpaWebConfiguration:247 - spring.jpa.open-in-view is enabled by default. Therefore, database queries may be performed during view rendering. Explicitly configure spring.jpa.open-in-view to disable this warning
2026-03-12 20:23:55 [main] WARN  o.s.b.s.a.UserDetailsServiceAutoConfiguration:83 - 

Using generated security password: 062ff9b9-522e-4221-9903-2841688dc4f8

This generated password is for development use only. Your security configuration must be updated before running your application in production.

2026-03-12 20:23:55 [main] INFO  o.s.s.c.a.a.c.InitializeUserDetailsBeanManagerConfigurer$InitializeUserDetailsManagerConfigurer:110 - Global AuthenticationManager configured with UserDetailsService bean with name inMemoryUserDetailsManager
2026-03-12 20:23:55 [main] INFO  o.a.coyote.http11.Http11NioProtocol:168 - Starting ProtocolHandler ["http-nio-8080"]
2026-03-12 20:23:55 [main] INFO  o.s.boot.tomcat.TomcatWebServer:240 - Tomcat started on port 8080 (http) with context path '/'
2026-03-12 20:23:55 [main] INFO  c.t.j.JournalBackendApplication:60 - Started JournalBackendApplication in 3.04 seconds (process running for 3.389)
2026-03-12 20:23:56 [main] INFO  c.t.j.config.UserInitializer:29 - USER_INIT | Default user already exists. Skipping.
2026-03-12 20:23:56 [task-1] INFO  c.t.j.service.SymbolRegistryService:33 - DB has data for symbols skipping auto update symbols at start up.
2026-03-12 20:24:06 [tomcat-handler-0] INFO  o.a.c.c.C.[Tomcat].[localhost].[/]:168 - Initializing Spring DispatcherServlet 'dispatcherServlet'
2026-03-12 20:24:06 [tomcat-handler-0] INFO  o.s.web.servlet.DispatcherServlet:523 - Initializing Servlet 'dispatcherServlet'
2026-03-12 20:24:06 [tomcat-handler-0] INFO  o.s.web.servlet.DispatcherServlet:545 - Completed initialization in 1 ms
2026-03-12 20:24:07 [tomcat-handler-0] INFO  c.t.j.s.UserExchangeConnectionService:23 - CONNECTION_ATTEMPT | Platform: BINANCE | Market: SPOT | UserID: 1
2026-03-12 20:24:07 [tomcat-handler-0] INFO  c.t.j.exchange.impl.BinanceProvider:141 - SECURITY_CHECK | Platform: BINANCE | Market: SPOT | Starting permission audit...
2026-03-12 20:24:07 [tomcat-handler-0] INFO  c.b.c.client.utils.RequestHandler:63 - GET https://api.binance.com/sapi/v1/account/apiRestrictions?timestamp=1773321847019&signature=a8b59b9b1a64a9fc3adb2349eed3e46f09a1f1dfeaa272aab92dd56cb45272b7
2026-03-12 20:24:07 [tomcat-handler-0] DEBUG c.t.j.exchange.impl.BinanceProvider:157 - RAW_PERMISSIONS | {"ipRestrict":false,"createTime":1772765676000,"enableReading":true,"enableFutures":false,"enableSpotAndMarginTrading":false,"enableWithdrawals":false,"enableInternalTransfer":false,"permitsUniversalTransfer":false,"enableVanillaOptions":false,"enablePortfolioMarginTrading":false,"enableFixApiTrade":false,"enableFixReadOnly":false,"enableMargin":false}
2026-03-12 20:24:07 [tomcat-handler-0] INFO  c.t.j.exchange.impl.BinanceProvider:167 - PERMISSION_REPORT | Read: true | Withdraw: false | Spot: false | Futures: false | IP_Restrict: false
2026-03-12 20:24:07 [tomcat-handler-0] ERROR c.t.j.exchange.impl.BinanceProvider:176 - SECURITY_CONFIG_ERROR | API Key is not IP-restricted.
2026-03-12 20:24:07 [tomcat-handler-0] ERROR c.t.j.exchange.impl.BinanceProvider:206 - CONNECTION_REJECTED | Security Policy Violation: Insecure API Key: IP restriction must be ENABLED.
2026-03-12 20:24:07 [tomcat-handler-0] ERROR c.t.j.s.UserExchangeConnectionService:29 - CONNECTION_REJECTED | Invalid API Credentials for Platform: BINANCE
2026-03-12 20:36:13 [SpringApplicationShutdownHook] INFO  o.s.boot.tomcat.GracefulShutdown:54 - Commencing graceful shutdown. Waiting for active requests to complete
2026-03-12 20:36:13 [tomcat-shutdown] INFO  o.s.boot.tomcat.GracefulShutdown:76 - Graceful shutdown complete
2026-03-12 20:36:13 [SpringApplicationShutdownHook] INFO  o.s.o.j.LocalContainerEntityManagerFactoryBean:667 - Closing JPA EntityManagerFactory for persistence unit 'default'
2026-03-12 20:36:13 [SpringApplicationShutdownHook] INFO  com.zaxxer.hikari.HikariDataSource:349 - HikariPool-1 - Shutdown initiated...
2026-03-12 20:36:13 [SpringApplicationShutdownHook] INFO  com.zaxxer.hikari.HikariDataSource:351 - HikariPool-1 - Shutdown completed.
2026-03-12 20:36:18 [background-preinit] INFO  o.h.validator.internal.util.Version:18 - HV000001: Hibernate Validator 9.0.1.Final
2026-03-12 20:36:18 [main] INFO  c.t.j.JournalBackendApplication:54 - Starting JournalBackendApplication using Java 21.0.9 with PID 13524 (/projects/journal-backend/target/classes started by dinhtv in /projects/journal-backend)
2026-03-12 20:36:18 [main] INFO  c.t.j.JournalBackendApplication:652 - No active profile set, falling back to 1 default profile: "default"
2026-03-12 20:36:18 [main] INFO  o.s.d.r.c.RepositoryConfigurationDelegate:145 - Bootstrapping Spring Data JPA repositories in DEFAULT mode.
2026-03-12 20:36:18 [main] INFO  o.s.d.r.c.RepositoryConfigurationDelegate:213 - Finished Spring Data repository scanning in 32 ms. Found 6 JPA repository interfaces.
2026-03-12 20:36:19 [main] INFO  o.s.boot.tomcat.TomcatWebServer:114 - Tomcat initialized with port 8080 (http)
2026-03-12 20:36:19 [main] INFO  o.a.coyote.http11.Http11NioProtocol:168 - Initializing ProtocolHandler ["http-nio-8080"]
2026-03-12 20:36:19 [main] INFO  o.a.catalina.core.StandardService:168 - Starting service [Tomcat]
2026-03-12 20:36:19 [main] INFO  o.a.catalina.core.StandardEngine:168 - Starting Servlet engine: [Apache Tomcat/11.0.15]
2026-03-12 20:36:19 [main] INFO  o.s.b.w.c.s.WebApplicationContextInitializer:77 - Root WebApplicationContext: initialization completed in 749 ms
2026-03-12 20:36:19 [main] INFO  org.hibernate.orm.jpa:102 - HHH008540: Processing PersistenceUnitInfo [name: default]
2026-03-12 20:36:19 [main] INFO  org.hibernate.orm.core:41 - HHH000001: Hibernate ORM core version 7.2.1.Final
2026-03-12 20:36:19 [main] INFO  o.s.o.j.p.SpringPersistenceUnitInfo:128 - No LoadTimeWeaver setup: ignoring JPA class transformer
2026-03-12 20:36:19 [main] INFO  com.zaxxer.hikari.HikariDataSource:109 - HikariPool-1 - Starting...
2026-03-12 20:36:19 [main] INFO  com.zaxxer.hikari.pool.HikariPool:580 - HikariPool-1 - Added connection org.postgresql.jdbc.PgConnection@67a38
2026-03-12 20:36:19 [main] INFO  com.zaxxer.hikari.HikariDataSource:122 - HikariPool-1 - Start completed.
2026-03-12 20:36:19 [main] INFO  o.hibernate.orm.connections.pooling:179 - HHH10001005: Database info:
	Database JDBC URL [jdbc:postgresql://localhost:5432/journal]
	Database driver: PostgreSQL JDBC Driver
	Database dialect: PostgreSQLDialect
	Database version: 15.15
	Default catalog/schema: journal/public
	Autocommit mode: undefined/unknown
	Isolation level: READ_COMMITTED [default READ_COMMITTED]
	JDBC fetch size: none
	Pool: DataSourceConnectionProvider
	Minimum pool size: undefined/unknown
	Maximum pool size: undefined/unknown
2026-03-12 20:36:20 [main] INFO  org.hibernate.orm.core:53 - HHH000489: No JTA platform available (set 'hibernate.transaction.jta.platform' to enable JTA platform integration)
2026-03-12 20:36:20 [main] INFO  o.s.o.j.LocalContainerEntityManagerFactoryBean:444 - Initialized JPA EntityManagerFactory for persistence unit 'default'
2026-03-12 20:36:20 [main] INFO  o.s.d.j.r.q.QueryEnhancerFactories:48 - Hibernate is in classpath; If applicable, HQL parser will be used.
2026-03-12 20:36:20 [main] INFO  c.t.j.service.EncryptionService:27 - ENCRYPTION_SERVICE_READY | Algorithm: AES
2026-03-12 20:36:20 [main] WARN  o.s.b.j.a.JpaBaseConfiguration$JpaWebConfiguration:247 - spring.jpa.open-in-view is enabled by default. Therefore, database queries may be performed during view rendering. Explicitly configure spring.jpa.open-in-view to disable this warning
2026-03-12 20:36:21 [main] WARN  o.s.b.s.a.UserDetailsServiceAutoConfiguration:83 - 

Using generated security password: f2664763-d1d6-477b-9401-69cd2760690d

This generated password is for development use only. Your security configuration must be updated before running your application in production.

2026-03-12 20:36:21 [main] INFO  o.s.s.c.a.a.c.InitializeUserDetailsBeanManagerConfigurer$InitializeUserDetailsManagerConfigurer:110 - Global AuthenticationManager configured with UserDetailsService bean with name inMemoryUserDetailsManager
2026-03-12 20:36:21 [main] INFO  o.a.coyote.http11.Http11NioProtocol:168 - Starting ProtocolHandler ["http-nio-8080"]
2026-03-12 20:36:21 [main] INFO  o.s.boot.tomcat.TomcatWebServer:240 - Tomcat started on port 8080 (http) with context path '/'
2026-03-12 20:36:21 [main] INFO  c.t.j.JournalBackendApplication:60 - Started JournalBackendApplication in 3.019 seconds (process running for 3.356)
2026-03-12 20:36:21 [main] INFO  c.t.j.config.UserInitializer:29 - USER_INIT | Default user already exists. Skipping.
2026-03-12 20:36:21 [task-1] INFO  c.t.j.service.SymbolRegistryService:33 - DB has data for symbols skipping auto update symbols at start up.
2026-03-12 20:36:33 [tomcat-handler-0] INFO  o.a.c.c.C.[Tomcat].[localhost].[/]:168 - Initializing Spring DispatcherServlet 'dispatcherServlet'
2026-03-12 20:36:33 [tomcat-handler-0] INFO  o.s.web.servlet.DispatcherServlet:523 - Initializing Servlet 'dispatcherServlet'
2026-03-12 20:36:33 [tomcat-handler-0] INFO  o.s.web.servlet.DispatcherServlet:545 - Completed initialization in 1 ms
2026-03-12 20:36:33 [tomcat-handler-0] INFO  c.t.j.s.UserExchangeConnectionService:23 - CONNECTION_ATTEMPT | Platform: BINANCE | Market: FUTURES | UserID: 1
2026-03-12 20:36:33 [tomcat-handler-0] INFO  c.t.j.exchange.impl.BinanceProvider:145 - SECURITY_CHECK | Platform: BINANCE | Market: FUTURES | Starting permission audit...
2026-03-12 20:36:33 [tomcat-handler-0] INFO  c.b.c.client.utils.RequestHandler:63 - GET https://api.binance.com/sapi/v1/account/apiRestrictions?timestamp=1773322593899&signature=d63f051a6e6a68ce1241620efd69977635bc0858c5ebd6ed46a6d1e21d07d456
2026-03-12 20:36:34 [tomcat-handler-0] DEBUG c.t.j.exchange.impl.BinanceProvider:161 - RAW_PERMISSIONS | {"ipRestrict":false,"createTime":1772765676000,"enableSpotAndMarginTrading":false,"enableWithdrawals":false,"enableInternalTransfer":false,"permitsUniversalTransfer":false,"enableVanillaOptions":false,"enablePortfolioMarginTrading":false,"enableFixApiTrade":false,"enableFixReadOnly":false,"enableReading":true,"enableFutures":false,"enableMargin":false}
2026-03-12 20:36:34 [tomcat-handler-0] INFO  c.t.j.exchange.impl.BinanceProvider:171 - PERMISSION_REPORT | Read: true | Withdraw: false | Spot: false | Futures: false | IP_Restrict: false
2026-03-12 20:36:34 [tomcat-handler-0] WARN  c.t.j.exchange.impl.BinanceProvider:183 - SECURITY_WARNING | API Key is not IP-restricted (Skipped for development env)
2026-03-12 20:36:34 [tomcat-handler-0] WARN  c.t.j.exchange.impl.BinanceProvider:196 - SECURITY_CONFIG_ERROR | Market is FUTURES but 'Enable Futures' is OFF.
2026-03-12 20:36:34 [tomcat-handler-0] ERROR c.t.j.exchange.impl.BinanceProvider:212 - CONNECTION_REJECTED | Security Policy Violation: API Key missing 'Enable Futures' permission.
2026-03-12 20:36:34 [tomcat-handler-0] ERROR c.t.j.s.UserExchangeConnectionService:29 - CONNECTION_REJECTED | Invalid API Credentials for Platform: BINANCE
2026-03-12 20:40:03 [SpringApplicationShutdownHook] INFO  o.s.boot.tomcat.GracefulShutdown:54 - Commencing graceful shutdown. Waiting for active requests to complete
2026-03-12 20:40:03 [tomcat-shutdown] INFO  o.s.boot.tomcat.GracefulShutdown:76 - Graceful shutdown complete
2026-03-12 20:40:03 [SpringApplicationShutdownHook] INFO  o.s.o.j.LocalContainerEntityManagerFactoryBean:667 - Closing JPA EntityManagerFactory for persistence unit 'default'
2026-03-12 20:40:03 [SpringApplicationShutdownHook] INFO  com.zaxxer.hikari.HikariDataSource:349 - HikariPool-1 - Shutdown initiated...
2026-03-12 20:40:03 [SpringApplicationShutdownHook] INFO  com.zaxxer.hikari.HikariDataSource:351 - HikariPool-1 - Shutdown completed.
