2026-03-14 20:35:00 [background-preinit] INFO  o.h.validator.internal.util.Version:18 - HV000001: Hibernate Validator 9.0.1.Final
2026-03-14 20:35:00 [main] INFO  c.t.j.JournalBackendApplication:54 - Starting JournalBackendApplication using Java 21.0.9 with PID 18278 (/projects/journal-backend/target/classes started by dinhtv in /projects/journal-backend)
2026-03-14 20:35:00 [main] INFO  c.t.j.JournalBackendApplication:652 - No active profile set, falling back to 1 default profile: "default"
2026-03-14 20:35:01 [main] INFO  o.s.d.r.c.RepositoryConfigurationDelegate:145 - Bootstrapping Spring Data JPA repositories in DEFAULT mode.
2026-03-14 20:35:01 [main] INFO  o.s.d.r.c.RepositoryConfigurationDelegate:213 - Finished Spring Data repository scanning in 33 ms. Found 6 JPA repository interfaces.
2026-03-14 20:35:01 [main] INFO  o.s.boot.tomcat.TomcatWebServer:114 - Tomcat initialized with port 8080 (http)
2026-03-14 20:35:01 [main] INFO  o.a.coyote.http11.Http11NioProtocol:168 - Initializing ProtocolHandler ["http-nio-8080"]
2026-03-14 20:35:01 [main] INFO  o.a.catalina.core.StandardService:168 - Starting service [Tomcat]
2026-03-14 20:35:01 [main] INFO  o.a.catalina.core.StandardEngine:168 - Starting Servlet engine: [Apache Tomcat/11.0.15]
2026-03-14 20:35:01 [main] INFO  o.s.b.w.c.s.WebApplicationContextInitializer:77 - Root WebApplicationContext: initialization completed in 784 ms
2026-03-14 20:35:01 [main] INFO  org.hibernate.orm.jpa:102 - HHH008540: Processing PersistenceUnitInfo [name: default]
2026-03-14 20:35:01 [main] INFO  org.hibernate.orm.core:41 - HHH000001: Hibernate ORM core version 7.2.1.Final
2026-03-14 20:35:01 [main] INFO  o.s.o.j.p.SpringPersistenceUnitInfo:128 - No LoadTimeWeaver setup: ignoring JPA class transformer
2026-03-14 20:35:01 [main] INFO  com.zaxxer.hikari.HikariDataSource:109 - HikariPool-1 - Starting...
2026-03-14 20:35:01 [main] INFO  com.zaxxer.hikari.pool.HikariPool:580 - HikariPool-1 - Added connection org.postgresql.jdbc.PgConnection@6f9a3325
2026-03-14 20:35:01 [main] INFO  com.zaxxer.hikari.HikariDataSource:122 - HikariPool-1 - Start completed.
2026-03-14 20:35:02 [main] INFO  o.hibernate.orm.connections.pooling:179 - HHH10001005: Database info:
	Database JDBC URL [jdbc:postgresql://localhost:5432/journal]
	Database driver: PostgreSQL JDBC Driver
	Database dialect: PostgreSQLDialect
	Database version: 15.15
	Default catalog/schema: journal/public
	Autocommit mode: undefined/unknown
	Isolation level: READ_COMMITTED [default READ_COMMITTED]
	JDBC fetch size: none
	Pool: DataSourceConnectionProvider
	Minimum pool size: undefined/unknown
	Maximum pool size: undefined/unknown
2026-03-14 20:35:02 [main] INFO  org.hibernate.orm.core:53 - HHH000489: No JTA platform available (set 'hibernate.transaction.jta.platform' to enable JTA platform integration)
2026-03-14 20:35:02 [main] INFO  o.s.o.j.LocalContainerEntityManagerFactoryBean:444 - Initialized JPA EntityManagerFactory for persistence unit 'default'
2026-03-14 20:35:02 [main] INFO  o.s.d.j.r.q.QueryEnhancerFactories:48 - Hibernate is in classpath; If applicable, HQL parser will be used.
2026-03-14 20:35:02 [main] INFO  c.t.j.service.EncryptionService:27 - ENCRYPTION_SERVICE_READY | Algorithm: AES
2026-03-14 20:35:03 [main] WARN  o.s.b.j.a.JpaBaseConfiguration$JpaWebConfiguration:247 - spring.jpa.open-in-view is enabled by default. Therefore, database queries may be performed during view rendering. Explicitly configure spring.jpa.open-in-view to disable this warning
2026-03-14 20:35:03 [main] WARN  o.s.b.s.a.UserDetailsServiceAutoConfiguration:83 - 

Using generated security password: e822a770-835a-4df5-9112-f6352e58f5cb

This generated password is for development use only. Your security configuration must be updated before running your application in production.

2026-03-14 20:35:03 [main] INFO  o.s.s.c.a.a.c.InitializeUserDetailsBeanManagerConfigurer$InitializeUserDetailsManagerConfigurer:110 - Global AuthenticationManager configured with UserDetailsService bean with name inMemoryUserDetailsManager
2026-03-14 20:35:03 [main] INFO  o.a.coyote.http11.Http11NioProtocol:168 - Starting ProtocolHandler ["http-nio-8080"]
2026-03-14 20:35:03 [main] INFO  o.s.boot.tomcat.TomcatWebServer:240 - Tomcat started on port 8080 (http) with context path '/'
2026-03-14 20:35:03 [main] INFO  c.t.j.JournalBackendApplication:60 - Started JournalBackendApplication in 3.399 seconds (process running for 3.748)
2026-03-14 20:35:03 [main] INFO  c.t.j.config.UserInitializer:29 - USER_INIT | Default user already exists. Skipping.
2026-03-14 20:35:03 [task-1] INFO  c.t.j.service.SymbolRegistryService:33 - DB has data for symbols skipping auto update symbols at start up.
2026-03-14 20:35:22 [tomcat-handler-0] INFO  o.a.c.c.C.[Tomcat].[localhost].[/]:168 - Initializing Spring DispatcherServlet 'dispatcherServlet'
2026-03-14 20:35:22 [tomcat-handler-0] INFO  o.s.web.servlet.DispatcherServlet:523 - Initializing Servlet 'dispatcherServlet'
2026-03-14 20:35:22 [tomcat-handler-0] INFO  o.s.web.servlet.DispatcherServlet:545 - Completed initialization in 1 ms
2026-03-14 20:35:32 [tomcat-handler-2] INFO  c.t.j.service.TradeSyncService:35 - SYNC_START | Platform: BINANCE | Symbol: ETHUSDT | From: BEGINNING
2026-03-14 20:35:32 [tomcat-handler-2] DEBUG c.t.j.exchange.impl.BinanceProvider:86 - FETCH_HISTORY | Symbol: ETHUSDT | Market: FUTURES | From: null
2026-03-14 20:35:32 [tomcat-handler-2] INFO  c.b.c.f.client.utils.RequestHandler:43 - GET https://fapi.binance.com/fapi/v1/userTrades?symbol=ETHUSDT&timestamp=1773495332854&signature=24244724bedc769296eab9503bf7da6b1a47c505ee144bf6560408c6844b84a6
2026-03-14 20:35:33 [tomcat-handler-2] INFO  c.t.j.exchange.impl.BinanceProvider:132 - RAW_VOLUME | Order: 7768079217 | Qty: 0.010
2026-03-14 20:35:33 [tomcat-handler-2] INFO  c.t.j.exchange.impl.BinanceProvider:132 - RAW_VOLUME | Order: 7768085284 | Qty: 0.004
2026-03-14 20:35:33 [tomcat-handler-2] INFO  c.t.j.exchange.impl.BinanceProvider:132 - RAW_VOLUME | Order: 7768085285 | Qty: 0.006
2026-03-14 20:35:33 [tomcat-handler-2] INFO  c.t.j.service.TradeSyncService:46 - SYNC_FETCHED | Received 3 orders from BINANCE
2026-03-14 20:35:33 [tomcat-handler-2] INFO  c.t.j.service.TradeService:51 - TRADE_CREATE | No open position found. Creating new Trade for BUY ETHUSDT
2026-03-14 20:35:33 [tomcat-handler-2] INFO  c.t.j.service.TradeService:61 - ORDER_ATTACH | Order 7768079217 -> Trade ID: 1
2026-03-14 20:35:33 [tomcat-handler-2] INFO  c.t.j.service.TradeService:79 - TRADE_UPDATED | ID: 1 | Status: OPEN | TotalVol: 0.010
2026-03-14 20:35:33 [tomcat-handler-2] INFO  c.t.j.service.TradeService:45 - TRADE_CLOSE_ACTION | Found opposite open trade ID: 1 for SELL ETHUSDT
2026-03-14 20:35:33 [tomcat-handler-2] INFO  c.t.j.service.TradeService:61 - ORDER_ATTACH | Order 7768085284 -> Trade ID: 1
2026-03-14 20:35:33 [tomcat-handler-2] INFO  c.t.j.service.TradeService:79 - TRADE_UPDATED | ID: 1 | Status: OPEN | TotalVol: 0.006
2026-03-14 20:35:33 [tomcat-handler-2] INFO  c.t.j.service.TradeService:45 - TRADE_CLOSE_ACTION | Found opposite open trade ID: 1 for SELL ETHUSDT
2026-03-14 20:35:33 [tomcat-handler-2] INFO  c.t.j.service.TradeService:61 - ORDER_ATTACH | Order 7768085285 -> Trade ID: 1
2026-03-14 20:35:33 [tomcat-handler-2] INFO  c.t.j.service.TradeService:79 - TRADE_UPDATED | ID: 1 | Status: CLOSED | TotalVol: 0.000
2026-03-14 20:35:33 [tomcat-handler-2] INFO  c.t.j.service.TradeSyncService:54 - SYNC_COMPLETE | Symbol: ETHUSDT | Added: 3 | Duration: 415ms
2026-03-14 20:39:04 [SpringApplicationShutdownHook] INFO  o.s.boot.tomcat.GracefulShutdown:54 - Commencing graceful shutdown. Waiting for active requests to complete
2026-03-14 20:39:04 [tomcat-shutdown] INFO  o.s.boot.tomcat.GracefulShutdown:76 - Graceful shutdown complete
2026-03-14 20:39:04 [SpringApplicationShutdownHook] INFO  o.s.o.j.LocalContainerEntityManagerFactoryBean:667 - Closing JPA EntityManagerFactory for persistence unit 'default'
2026-03-14 20:39:04 [SpringApplicationShutdownHook] INFO  com.zaxxer.hikari.HikariDataSource:349 - HikariPool-1 - Shutdown initiated...
2026-03-14 20:39:04 [SpringApplicationShutdownHook] INFO  com.zaxxer.hikari.HikariDataSource:351 - HikariPool-1 - Shutdown completed.
2026-03-14 20:40:11 [background-preinit] INFO  o.h.validator.internal.util.Version:18 - HV000001: Hibernate Validator 9.0.1.Final
2026-03-14 20:40:11 [main] INFO  c.t.j.JournalBackendApplication:54 - Starting JournalBackendApplication using Java 21.0.9 with PID 20219 (/projects/journal-backend/target/classes started by dinhtv in /projects/journal-backend)
2026-03-14 20:40:11 [main] INFO  c.t.j.JournalBackendApplication:652 - No active profile set, falling back to 1 default profile: "default"
2026-03-14 20:40:11 [main] INFO  o.s.d.r.c.RepositoryConfigurationDelegate:145 - Bootstrapping Spring Data JPA repositories in DEFAULT mode.
2026-03-14 20:40:11 [main] INFO  o.s.d.r.c.RepositoryConfigurationDelegate:213 - Finished Spring Data repository scanning in 37 ms. Found 6 JPA repository interfaces.
2026-03-14 20:40:12 [main] INFO  o.s.boot.tomcat.TomcatWebServer:114 - Tomcat initialized with port 8080 (http)
2026-03-14 20:40:12 [main] INFO  o.a.coyote.http11.Http11NioProtocol:168 - Initializing ProtocolHandler ["http-nio-8080"]
2026-03-14 20:40:12 [main] INFO  o.a.catalina.core.StandardService:168 - Starting service [Tomcat]
2026-03-14 20:40:12 [main] INFO  o.a.catalina.core.StandardEngine:168 - Starting Servlet engine: [Apache Tomcat/11.0.15]
2026-03-14 20:40:12 [main] INFO  o.s.b.w.c.s.WebApplicationContextInitializer:77 - Root WebApplicationContext: initialization completed in 760 ms
2026-03-14 20:40:12 [main] INFO  org.hibernate.orm.jpa:102 - HHH008540: Processing PersistenceUnitInfo [name: default]
2026-03-14 20:40:12 [main] INFO  org.hibernate.orm.core:41 - HHH000001: Hibernate ORM core version 7.2.1.Final
2026-03-14 20:40:12 [main] INFO  o.s.o.j.p.SpringPersistenceUnitInfo:128 - No LoadTimeWeaver setup: ignoring JPA class transformer
2026-03-14 20:40:12 [main] INFO  com.zaxxer.hikari.HikariDataSource:109 - HikariPool-1 - Starting...
2026-03-14 20:40:12 [main] INFO  com.zaxxer.hikari.pool.HikariPool:580 - HikariPool-1 - Added connection org.postgresql.jdbc.PgConnection@6f9a3325
2026-03-14 20:40:12 [main] INFO  com.zaxxer.hikari.HikariDataSource:122 - HikariPool-1 - Start completed.
2026-03-14 20:40:12 [main] WARN  org.hibernate.orm.deprecation:152 - HHH90000025: PostgreSQLDialect does not need to be specified explicitly using 'hibernate.dialect' (remove the property setting and it will be selected by default)
2026-03-14 20:40:12 [main] INFO  o.hibernate.orm.connections.pooling:179 - HHH10001005: Database info:
	Database JDBC URL [jdbc:postgresql://localhost:5432/journal]
	Database driver: PostgreSQL JDBC Driver
	Database dialect: PostgreSQLDialect
	Database version: 15.15
	Default catalog/schema: journal/public
	Autocommit mode: undefined/unknown
	Isolation level: READ_COMMITTED [default READ_COMMITTED]
	JDBC fetch size: none
	Pool: DataSourceConnectionProvider
	Minimum pool size: undefined/unknown
	Maximum pool size: undefined/unknown
2026-03-14 20:40:13 [main] INFO  org.hibernate.orm.core:53 - HHH000489: No JTA platform available (set 'hibernate.transaction.jta.platform' to enable JTA platform integration)
2026-03-14 20:40:13 [main] WARN  org.hibernate.orm.jdbc.warn:250 - HHH000247: ErrorCode: 0, SQLState: 00000
2026-03-14 20:40:13 [main] WARN  org.hibernate.orm.jdbc.warn:251 - constraint "ukl7egxti250iwgalnsqujgc3de" of relation "trading_orders" does not exist, skipping
2026-03-14 20:40:13 [main] INFO  o.s.o.j.LocalContainerEntityManagerFactoryBean:444 - Initialized JPA EntityManagerFactory for persistence unit 'default'
2026-03-14 20:40:13 [main] INFO  o.s.d.j.r.q.QueryEnhancerFactories:48 - Hibernate is in classpath; If applicable, HQL parser will be used.
2026-03-14 20:40:13 [main] INFO  c.t.j.service.EncryptionService:27 - ENCRYPTION_SERVICE_READY | Algorithm: AES
2026-03-14 20:40:14 [main] WARN  o.s.b.j.a.JpaBaseConfiguration$JpaWebConfiguration:247 - spring.jpa.open-in-view is enabled by default. Therefore, database queries may be performed during view rendering. Explicitly configure spring.jpa.open-in-view to disable this warning
2026-03-14 20:40:14 [main] WARN  o.s.b.s.a.UserDetailsServiceAutoConfiguration:83 - 

Using generated security password: 082e75e9-1502-43d3-9d1b-895088257250

This generated password is for development use only. Your security configuration must be updated before running your application in production.

2026-03-14 20:40:14 [main] INFO  o.s.s.c.a.a.c.InitializeUserDetailsBeanManagerConfigurer$InitializeUserDetailsManagerConfigurer:110 - Global AuthenticationManager configured with UserDetailsService bean with name inMemoryUserDetailsManager
2026-03-14 20:40:14 [main] INFO  o.a.coyote.http11.Http11NioProtocol:168 - Starting ProtocolHandler ["http-nio-8080"]
2026-03-14 20:40:14 [main] INFO  o.s.boot.tomcat.TomcatWebServer:240 - Tomcat started on port 8080 (http) with context path '/'
2026-03-14 20:40:14 [main] INFO  c.t.j.JournalBackendApplication:60 - Started JournalBackendApplication in 3.3 seconds (process running for 3.618)
2026-03-14 20:40:14 [main] INFO  c.t.j.config.UserInitializer:29 - USER_INIT | Default user already exists. Skipping.
2026-03-14 20:40:14 [task-1] INFO  c.t.j.service.SymbolRegistryService:33 - DB has data for symbols skipping auto update symbols at start up.
2026-03-14 20:40:30 [tomcat-handler-0] INFO  o.a.c.c.C.[Tomcat].[localhost].[/]:168 - Initializing Spring DispatcherServlet 'dispatcherServlet'
2026-03-14 20:40:30 [tomcat-handler-0] INFO  o.s.web.servlet.DispatcherServlet:523 - Initializing Servlet 'dispatcherServlet'
2026-03-14 20:40:30 [tomcat-handler-0] INFO  o.s.web.servlet.DispatcherServlet:545 - Completed initialization in 1 ms
2026-03-14 20:40:30 [tomcat-handler-0] INFO  c.t.j.service.TradeSyncService:35 - SYNC_START | Platform: BINANCE | Symbol: ETHUSDT | From: BEGINNING
2026-03-14 20:40:30 [tomcat-handler-0] DEBUG c.t.j.exchange.impl.BinanceProvider:86 - FETCH_HISTORY | Symbol: ETHUSDT | Market: FUTURES | From: null
2026-03-14 20:40:30 [tomcat-handler-0] INFO  c.b.c.f.client.utils.RequestHandler:43 - GET https://fapi.binance.com/fapi/v1/userTrades?symbol=ETHUSDT&timestamp=1773495630389&signature=36c2307e3897508efa1a536f9643fe470f58b90a7a7f38fc6b65b7a4711a3bc8
2026-03-14 20:40:30 [tomcat-handler-0] INFO  c.t.j.exchange.impl.BinanceProvider:132 - RAW_VOLUME | Order: 7768079217 | Qty: 0.010
2026-03-14 20:40:30 [tomcat-handler-0] INFO  c.t.j.exchange.impl.BinanceProvider:132 - RAW_VOLUME | Order: 7768085284 | Qty: 0.004
2026-03-14 20:40:30 [tomcat-handler-0] INFO  c.t.j.exchange.impl.BinanceProvider:132 - RAW_VOLUME | Order: 7768085285 | Qty: 0.006
2026-03-14 20:40:30 [tomcat-handler-0] INFO  c.t.j.service.TradeSyncService:46 - SYNC_FETCHED | Received 3 orders from BINANCE
2026-03-14 20:40:30 [tomcat-handler-0] INFO  c.t.j.service.TradeService:51 - TRADE_CREATE | No open position found. Creating new Trade for BUY ETHUSDT
2026-03-14 20:40:30 [tomcat-handler-0] INFO  c.t.j.service.TradeService:61 - ORDER_ATTACH | Order 7768079217 -> Trade ID: 1
2026-03-14 20:40:30 [tomcat-handler-0] INFO  c.t.j.service.TradeService:79 - TRADE_UPDATED | ID: 1 | Status: OPEN | TotalVol: 0.010
2026-03-14 20:40:30 [tomcat-handler-0] INFO  c.t.j.service.TradeService:45 - TRADE_CLOSE_ACTION | Found opposite open trade ID: 1 for SELL ETHUSDT
2026-03-14 20:40:30 [tomcat-handler-0] INFO  c.t.j.service.TradeService:61 - ORDER_ATTACH | Order 7768085284 -> Trade ID: 1
2026-03-14 20:40:30 [tomcat-handler-0] INFO  c.t.j.service.TradeService:79 - TRADE_UPDATED | ID: 1 | Status: OPEN | TotalVol: 0.006
2026-03-14 20:40:30 [tomcat-handler-0] INFO  c.t.j.service.TradeService:45 - TRADE_CLOSE_ACTION | Found opposite open trade ID: 1 for SELL ETHUSDT
2026-03-14 20:40:30 [tomcat-handler-0] INFO  c.t.j.service.TradeService:61 - ORDER_ATTACH | Order 7768085285 -> Trade ID: 1
2026-03-14 20:40:30 [tomcat-handler-0] INFO  c.t.j.service.TradeService:79 - TRADE_UPDATED | ID: 1 | Status: CLOSED | TotalVol: 0.000
2026-03-14 20:40:30 [tomcat-handler-0] INFO  c.t.j.service.TradeSyncService:54 - SYNC_COMPLETE | Symbol: ETHUSDT | Added: 3 | Duration: 425ms
2026-03-14 20:46:57 [SpringApplicationShutdownHook] INFO  o.s.boot.tomcat.GracefulShutdown:54 - Commencing graceful shutdown. Waiting for active requests to complete
2026-03-14 20:46:57 [tomcat-shutdown] INFO  o.s.boot.tomcat.GracefulShutdown:76 - Graceful shutdown complete
2026-03-14 20:46:57 [SpringApplicationShutdownHook] INFO  o.s.o.j.LocalContainerEntityManagerFactoryBean:667 - Closing JPA EntityManagerFactory for persistence unit 'default'
2026-03-14 20:46:57 [SpringApplicationShutdownHook] INFO  com.zaxxer.hikari.HikariDataSource:349 - HikariPool-1 - Shutdown initiated...
2026-03-14 20:46:57 [SpringApplicationShutdownHook] INFO  com.zaxxer.hikari.HikariDataSource:351 - HikariPool-1 - Shutdown completed.
2026-03-14 20:47:01 [background-preinit] INFO  o.h.validator.internal.util.Version:18 - HV000001: Hibernate Validator 9.0.1.Final
2026-03-14 20:47:01 [main] INFO  c.t.j.JournalBackendApplication:54 - Starting JournalBackendApplication using Java 21.0.9 with PID 22413 (/projects/journal-backend/target/classes started by dinhtv in /projects/journal-backend)
2026-03-14 20:47:01 [main] INFO  c.t.j.JournalBackendApplication:652 - No active profile set, falling back to 1 default profile: "default"
2026-03-14 20:47:02 [main] INFO  o.s.d.r.c.RepositoryConfigurationDelegate:145 - Bootstrapping Spring Data JPA repositories in DEFAULT mode.
2026-03-14 20:47:02 [main] INFO  o.s.d.r.c.RepositoryConfigurationDelegate:213 - Finished Spring Data repository scanning in 32 ms. Found 6 JPA repository interfaces.
2026-03-14 20:47:02 [main] INFO  o.s.boot.tomcat.TomcatWebServer:114 - Tomcat initialized with port 8080 (http)
2026-03-14 20:47:02 [main] INFO  o.a.coyote.http11.Http11NioProtocol:168 - Initializing ProtocolHandler ["http-nio-8080"]
2026-03-14 20:47:02 [main] INFO  o.a.catalina.core.StandardService:168 - Starting service [Tomcat]
2026-03-14 20:47:02 [main] INFO  o.a.catalina.core.StandardEngine:168 - Starting Servlet engine: [Apache Tomcat/11.0.15]
2026-03-14 20:47:02 [main] INFO  o.s.b.w.c.s.WebApplicationContextInitializer:77 - Root WebApplicationContext: initialization completed in 757 ms
2026-03-14 20:47:02 [main] INFO  org.hibernate.orm.jpa:102 - HHH008540: Processing PersistenceUnitInfo [name: default]
2026-03-14 20:47:02 [main] INFO  org.hibernate.orm.core:41 - HHH000001: Hibernate ORM core version 7.2.1.Final
2026-03-14 20:47:02 [main] INFO  o.s.o.j.p.SpringPersistenceUnitInfo:128 - No LoadTimeWeaver setup: ignoring JPA class transformer
2026-03-14 20:47:02 [main] INFO  com.zaxxer.hikari.HikariDataSource:109 - HikariPool-1 - Starting...
2026-03-14 20:47:02 [main] INFO  com.zaxxer.hikari.pool.HikariPool:580 - HikariPool-1 - Added connection org.postgresql.jdbc.PgConnection@6f9a3325
2026-03-14 20:47:02 [main] INFO  com.zaxxer.hikari.HikariDataSource:122 - HikariPool-1 - Start completed.
2026-03-14 20:47:02 [main] WARN  org.hibernate.orm.deprecation:152 - HHH90000025: PostgreSQLDialect does not need to be specified explicitly using 'hibernate.dialect' (remove the property setting and it will be selected by default)
2026-03-14 20:47:02 [main] INFO  o.hibernate.orm.connections.pooling:179 - HHH10001005: Database info:
	Database JDBC URL [jdbc:postgresql://localhost:5432/journal]
	Database driver: PostgreSQL JDBC Driver
	Database dialect: PostgreSQLDialect
	Database version: 15.15
	Default catalog/schema: journal/public
	Autocommit mode: undefined/unknown
	Isolation level: READ_COMMITTED [default READ_COMMITTED]
	JDBC fetch size: none
	Pool: DataSourceConnectionProvider
	Minimum pool size: undefined/unknown
	Maximum pool size: undefined/unknown
2026-03-14 20:47:03 [main] INFO  org.hibernate.orm.core:53 - HHH000489: No JTA platform available (set 'hibernate.transaction.jta.platform' to enable JTA platform integration)
2026-03-14 20:47:03 [main] INFO  o.s.o.j.LocalContainerEntityManagerFactoryBean:444 - Initialized JPA EntityManagerFactory for persistence unit 'default'
2026-03-14 20:47:03 [main] INFO  o.s.d.j.r.q.QueryEnhancerFactories:48 - Hibernate is in classpath; If applicable, HQL parser will be used.
2026-03-14 20:47:03 [main] INFO  c.t.j.service.EncryptionService:27 - ENCRYPTION_SERVICE_READY | Algorithm: AES
2026-03-14 20:47:04 [main] WARN  o.s.b.j.a.JpaBaseConfiguration$JpaWebConfiguration:247 - spring.jpa.open-in-view is enabled by default. Therefore, database queries may be performed during view rendering. Explicitly configure spring.jpa.open-in-view to disable this warning
2026-03-14 20:47:04 [main] WARN  o.s.b.s.a.UserDetailsServiceAutoConfiguration:83 - 

Using generated security password: 14218650-2283-459f-ab57-4f7225c2cbf9

This generated password is for development use only. Your security configuration must be updated before running your application in production.

2026-03-14 20:47:04 [main] INFO  o.s.s.c.a.a.c.InitializeUserDetailsBeanManagerConfigurer$InitializeUserDetailsManagerConfigurer:110 - Global AuthenticationManager configured with UserDetailsService bean with name inMemoryUserDetailsManager
2026-03-14 20:47:04 [main] INFO  o.a.coyote.http11.Http11NioProtocol:168 - Starting ProtocolHandler ["http-nio-8080"]
2026-03-14 20:47:04 [main] INFO  o.s.boot.tomcat.TomcatWebServer:240 - Tomcat started on port 8080 (http) with context path '/'
2026-03-14 20:47:04 [main] INFO  c.t.j.JournalBackendApplication:60 - Started JournalBackendApplication in 3.286 seconds (process running for 3.634)
2026-03-14 20:47:04 [main] INFO  c.t.j.config.UserInitializer:29 - USER_INIT | Default user already exists. Skipping.
2026-03-14 20:47:04 [task-1] INFO  c.t.j.service.SymbolRegistryService:33 - DB has data for symbols skipping auto update symbols at start up.
2026-03-14 20:47:08 [tomcat-handler-0] INFO  o.a.c.c.C.[Tomcat].[localhost].[/]:168 - Initializing Spring DispatcherServlet 'dispatcherServlet'
2026-03-14 20:47:08 [tomcat-handler-0] INFO  o.s.web.servlet.DispatcherServlet:523 - Initializing Servlet 'dispatcherServlet'
2026-03-14 20:47:08 [tomcat-handler-0] INFO  o.s.web.servlet.DispatcherServlet:545 - Completed initialization in 1 ms
2026-03-14 20:52:58 [SpringApplicationShutdownHook] INFO  o.s.boot.tomcat.GracefulShutdown:54 - Commencing graceful shutdown. Waiting for active requests to complete
2026-03-14 20:52:58 [tomcat-shutdown] INFO  o.s.boot.tomcat.GracefulShutdown:76 - Graceful shutdown complete
2026-03-14 20:52:58 [SpringApplicationShutdownHook] INFO  o.s.o.j.LocalContainerEntityManagerFactoryBean:667 - Closing JPA EntityManagerFactory for persistence unit 'default'
2026-03-14 20:52:58 [SpringApplicationShutdownHook] INFO  com.zaxxer.hikari.HikariDataSource:349 - HikariPool-1 - Shutdown initiated...
2026-03-14 20:52:58 [SpringApplicationShutdownHook] INFO  com.zaxxer.hikari.HikariDataSource:351 - HikariPool-1 - Shutdown completed.
2026-03-14 20:59:52 [background-preinit] INFO  o.h.validator.internal.util.Version:18 - HV000001: Hibernate Validator 9.0.1.Final
2026-03-14 20:59:52 [main] INFO  c.t.j.JournalBackendApplication:54 - Starting JournalBackendApplication using Java 21.0.9 with PID 26307 (/projects/journal-backend/target/classes started by dinhtv in /projects/journal-backend)
2026-03-14 20:59:52 [main] INFO  c.t.j.JournalBackendApplication:652 - No active profile set, falling back to 1 default profile: "default"
2026-03-14 20:59:52 [main] INFO  o.s.d.r.c.RepositoryConfigurationDelegate:145 - Bootstrapping Spring Data JPA repositories in DEFAULT mode.
2026-03-14 20:59:52 [main] INFO  o.s.d.r.c.RepositoryConfigurationDelegate:213 - Finished Spring Data repository scanning in 31 ms. Found 6 JPA repository interfaces.
2026-03-14 20:59:52 [main] INFO  o.s.boot.tomcat.TomcatWebServer:114 - Tomcat initialized with port 8080 (http)
2026-03-14 20:59:52 [main] INFO  o.a.coyote.http11.Http11NioProtocol:168 - Initializing ProtocolHandler ["http-nio-8080"]
2026-03-14 20:59:52 [main] INFO  o.a.catalina.core.StandardService:168 - Starting service [Tomcat]
2026-03-14 20:59:52 [main] INFO  o.a.catalina.core.StandardEngine:168 - Starting Servlet engine: [Apache Tomcat/11.0.15]
2026-03-14 20:59:52 [main] INFO  o.s.b.w.c.s.WebApplicationContextInitializer:77 - Root WebApplicationContext: initialization completed in 793 ms
2026-03-14 20:59:53 [main] INFO  org.hibernate.orm.jpa:102 - HHH008540: Processing PersistenceUnitInfo [name: default]
2026-03-14 20:59:53 [main] INFO  org.hibernate.orm.core:41 - HHH000001: Hibernate ORM core version 7.2.1.Final
2026-03-14 20:59:53 [main] INFO  o.s.o.j.p.SpringPersistenceUnitInfo:128 - No LoadTimeWeaver setup: ignoring JPA class transformer
2026-03-14 20:59:53 [main] INFO  com.zaxxer.hikari.HikariDataSource:109 - HikariPool-1 - Starting...
2026-03-14 20:59:53 [main] INFO  com.zaxxer.hikari.pool.HikariPool:580 - HikariPool-1 - Added connection org.postgresql.jdbc.PgConnection@6f9a3325
2026-03-14 20:59:53 [main] INFO  com.zaxxer.hikari.HikariDataSource:122 - HikariPool-1 - Start completed.
2026-03-14 20:59:53 [main] WARN  org.hibernate.orm.deprecation:152 - HHH90000025: PostgreSQLDialect does not need to be specified explicitly using 'hibernate.dialect' (remove the property setting and it will be selected by default)
2026-03-14 20:59:53 [main] INFO  o.hibernate.orm.connections.pooling:179 - HHH10001005: Database info:
	Database JDBC URL [jdbc:postgresql://localhost:5432/journal]
	Database driver: PostgreSQL JDBC Driver
	Database dialect: PostgreSQLDialect
	Database version: 15.15
	Default catalog/schema: journal/public
	Autocommit mode: undefined/unknown
	Isolation level: READ_COMMITTED [default READ_COMMITTED]
	JDBC fetch size: none
	Pool: DataSourceConnectionProvider
	Minimum pool size: undefined/unknown
	Maximum pool size: undefined/unknown
2026-03-14 20:59:54 [main] INFO  org.hibernate.orm.core:53 - HHH000489: No JTA platform available (set 'hibernate.transaction.jta.platform' to enable JTA platform integration)
2026-03-14 20:59:54 [main] INFO  o.s.o.j.LocalContainerEntityManagerFactoryBean:444 - Initialized JPA EntityManagerFactory for persistence unit 'default'
2026-03-14 20:59:54 [main] INFO  o.s.d.j.r.q.QueryEnhancerFactories:48 - Hibernate is in classpath; If applicable, HQL parser will be used.
2026-03-14 20:59:54 [main] INFO  c.t.j.service.EncryptionService:27 - ENCRYPTION_SERVICE_READY | Algorithm: AES
2026-03-14 20:59:54 [main] WARN  o.s.b.j.a.JpaBaseConfiguration$JpaWebConfiguration:247 - spring.jpa.open-in-view is enabled by default. Therefore, database queries may be performed during view rendering. Explicitly configure spring.jpa.open-in-view to disable this warning
2026-03-14 20:59:54 [main] WARN  o.s.b.s.a.UserDetailsServiceAutoConfiguration:83 - 

Using generated security password: a6543ff1-9d1a-4f51-85dd-257a730d6ab6

This generated password is for development use only. Your security configuration must be updated before running your application in production.

2026-03-14 20:59:54 [main] INFO  o.s.s.c.a.a.c.InitializeUserDetailsBeanManagerConfigurer$InitializeUserDetailsManagerConfigurer:110 - Global AuthenticationManager configured with UserDetailsService bean with name inMemoryUserDetailsManager
2026-03-14 20:59:55 [main] INFO  o.a.coyote.http11.Http11NioProtocol:168 - Starting ProtocolHandler ["http-nio-8080"]
2026-03-14 20:59:55 [main] INFO  o.s.boot.tomcat.TomcatWebServer:240 - Tomcat started on port 8080 (http) with context path '/'
2026-03-14 20:59:55 [main] INFO  c.t.j.JournalBackendApplication:60 - Started JournalBackendApplication in 3.4 seconds (process running for 3.724)
2026-03-14 20:59:55 [main] INFO  c.t.j.config.UserInitializer:29 - USER_INIT | Default user already exists. Skipping.
2026-03-14 20:59:55 [task-1] INFO  c.t.j.service.SymbolRegistryService:33 - DB has data for symbols skipping auto update symbols at start up.
2026-03-14 20:59:58 [tomcat-handler-0] INFO  o.a.c.c.C.[Tomcat].[localhost].[/]:168 - Initializing Spring DispatcherServlet 'dispatcherServlet'
2026-03-14 20:59:58 [tomcat-handler-0] INFO  o.s.web.servlet.DispatcherServlet:523 - Initializing Servlet 'dispatcherServlet'
2026-03-14 20:59:58 [tomcat-handler-0] INFO  o.s.web.servlet.DispatcherServlet:545 - Completed initialization in 1 ms
2026-03-14 21:00:01 [tomcat-handler-1] INFO  c.t.j.service.TradeSyncService:35 - SYNC_START | Platform: BINANCE | Symbol: ETHUSDT | From: BEGINNING
2026-03-14 21:00:01 [tomcat-handler-1] DEBUG c.t.j.exchange.impl.BinanceProvider:86 - FETCH_HISTORY | Symbol: ETHUSDT | Market: FUTURES | From: null
2026-03-14 21:00:01 [tomcat-handler-1] INFO  c.b.c.f.client.utils.RequestHandler:43 - GET https://fapi.binance.com/fapi/v1/userTrades?symbol=ETHUSDT&timestamp=1773496801049&signature=cffce2ce053a281fc44f8b0981674556e5aa9e5603f900b91c0cb82a396a171d
2026-03-14 21:00:01 [tomcat-handler-1] INFO  c.t.j.exchange.impl.BinanceProvider:132 - RAW_VOLUME | Order: 7768079217 | Qty: 0.010
2026-03-14 21:00:01 [tomcat-handler-1] INFO  c.t.j.exchange.impl.BinanceProvider:132 - RAW_VOLUME | Order: 7768085284 | Qty: 0.004
2026-03-14 21:00:01 [tomcat-handler-1] INFO  c.t.j.exchange.impl.BinanceProvider:132 - RAW_VOLUME | Order: 7768085285 | Qty: 0.006
2026-03-14 21:00:01 [tomcat-handler-1] INFO  c.t.j.service.TradeSyncService:46 - SYNC_FETCHED | Received 3 orders from BINANCE
2026-03-14 21:00:01 [tomcat-handler-1] INFO  c.t.j.service.TradeService:53 - TRADE_CREATE | No open position found. Creating new Trade for BUY ETHUSDT
2026-03-14 21:00:01 [tomcat-handler-1] INFO  c.t.j.service.TradeService:63 - ORDER_ATTACH | Order 7768079217 -> Trade ID: 1
2026-03-14 21:00:01 [tomcat-handler-1] INFO  c.t.j.service.TradeService:81 - TRADE_UPDATED | ID: 1 | Status: OPEN | TotalVol: 0.01
2026-03-14 21:00:01 [tomcat-handler-1] INFO  c.t.j.service.TradeService:47 - TRADE_CLOSE_ACTION | Found opposite open trade ID: 1 for SELL ETHUSDT
2026-03-14 21:00:01 [tomcat-handler-1] INFO  c.t.j.service.TradeService:63 - ORDER_ATTACH | Order 7768085284 -> Trade ID: 1
2026-03-14 21:00:01 [tomcat-handler-1] INFO  c.t.j.service.TradeService:81 - TRADE_UPDATED | ID: 1 | Status: OPEN | TotalVol: 0.006
2026-03-14 21:00:01 [tomcat-handler-1] INFO  c.t.j.service.TradeService:47 - TRADE_CLOSE_ACTION | Found opposite open trade ID: 1 for SELL ETHUSDT
2026-03-14 21:00:01 [tomcat-handler-1] INFO  c.t.j.service.TradeService:63 - ORDER_ATTACH | Order 7768085285 -> Trade ID: 1
2026-03-14 21:00:01 [tomcat-handler-1] INFO  c.t.j.service.TradeService:81 - TRADE_UPDATED | ID: 1 | Status: CLOSED | TotalVol: 0
2026-03-14 21:00:01 [tomcat-handler-1] INFO  c.t.j.service.TradeSyncService:54 - SYNC_COMPLETE | Symbol: ETHUSDT | Added: 3 | Duration: 618ms
2026-03-14 21:04:07 [SpringApplicationShutdownHook] INFO  o.s.boot.tomcat.GracefulShutdown:54 - Commencing graceful shutdown. Waiting for active requests to complete
2026-03-14 21:04:07 [tomcat-shutdown] INFO  o.s.boot.tomcat.GracefulShutdown:76 - Graceful shutdown complete
2026-03-14 21:04:07 [SpringApplicationShutdownHook] INFO  o.s.o.j.LocalContainerEntityManagerFactoryBean:667 - Closing JPA EntityManagerFactory for persistence unit 'default'
2026-03-14 21:04:07 [SpringApplicationShutdownHook] INFO  com.zaxxer.hikari.HikariDataSource:349 - HikariPool-1 - Shutdown initiated...
2026-03-14 21:04:07 [SpringApplicationShutdownHook] INFO  com.zaxxer.hikari.HikariDataSource:351 - HikariPool-1 - Shutdown completed.
